2025-03-19T12:47:51.047Z - info: [ui] [AppStore] loading 0 repositories from store
2025-03-19T12:47:51.068Z - info: [ui] [Welcome] no sign in step found. ignoring...
2025-03-19T12:47:51.083Z - info: [ui] [Welcome] no sign in step found. ignoring...
2025-03-19T12:47:51.087Z - info: [ui] launching: 3.4.14-linux1 (Linux 6.13.6-arch1-1)
2025-03-19T12:47:51.087Z - info: [ui] execPath: '/opt/github-desktop/github-desktop'
2025-03-19T12:47:51.112Z - info: [ui] [Welcome] no sign in step found. ignoring...
2025-03-19T12:47:51.316Z - info: [ui] [Welcome] no sign in step found. ignoring...
2025-03-19T12:47:51.396Z - info: [ui] Opt in reported.
2025-03-19T12:47:52.262Z - info: [ui] [Welcome] no sign in step found. ignoring...
2025-03-19T12:47:52.617Z - info: [ui] [Welcome] no sign in step found. ignoring...
2025-03-19T12:47:52.790Z - info: [ui] [Welcome] no sign in step found. ignoring...
2025-03-19T12:47:57.096Z - info: [ui] [AppStore] loading 0 repositories from store
2025-03-19T12:47:57.116Z - info: [ui] [Welcome] no sign in step found. ignoring...
2025-03-19T12:47:57.136Z - info: [ui] [Welcome] no sign in step found. ignoring...
2025-03-19T12:47:57.138Z - info: [ui] launching: 3.4.14-linux1 (Linux 6.13.6-arch1-1)
2025-03-19T12:47:57.139Z - info: [ui] execPath: '/opt/github-desktop/github-desktop'
2025-03-19T12:47:57.162Z - info: [ui] [Welcome] no sign in step found. ignoring...
2025-03-19T12:47:57.283Z - info: [ui] [Welcome] no sign in step found. ignoring...
2025-03-19T12:47:57.443Z - info: [ui] Opt in reported.
2025-03-19T12:47:59.493Z - info: [ui] [Welcome] advancing to step: SignInToDotComWithBrowser
2025-03-19T12:47:59.493Z - info: [ui] [SignInStore] initializing OAuth flow
2025-03-19T12:47:59.497Z - info: [main] opening in browser: https://github.com/login/oauth/authorize?client_id=3a723b10ac5575cc5bb9&scope=repo%20user%20workflow&state=c4e61f4d-0c11-46fd-b86c-4310f6a81eb4
2025-03-19T12:47:59.497Z - info: [ui] [Welcome] current sign in state not found. ignoring...
2025-03-19T12:47:59.638Z - info: [ui] [Welcome] kind Authentication is the same as Authentication. ignoring...
2025-03-19T12:48:03.308Z - info: [main] Processing protocol url
2025-03-19T12:48:03.310Z - info: [ui] [Welcome] kind Authentication is the same as Authentication. ignoring...
2025-03-19T12:48:03.416Z - info: [main] Processing protocol url
2025-03-19T12:48:04.106Z - info: [ui] [SignInStore] account resolved
2025-03-19T12:48:04.106Z - info: [ui] [AppStore] adding account lucas-stallknecht (Lucas Stallknecht) to store
2025-03-19T12:48:04.107Z - info: [ui] [Welcome] advancing to step: ConfigureGit
2025-03-19T12:48:04.141Z - info: [ui] [Welcome] no sign in step found. ignoring...
2025-03-19T12:48:04.275Z - info: [ui] [Welcome] no sign in step found. ignoring...
2025-03-19T12:48:04.907Z - info: [ui] [Welcome] no sign in step found. ignoring...
2025-03-19T12:48:08.479Z - info: [ui] [Welcome] no sign in step found. ignoring...
2025-03-19T12:48:08.485Z - info: [ui] [Welcome] no sign in step found. ignoring...
2025-03-19T12:48:08.771Z - info: [ui] Subscribed 'lucas-stallknecht' to Alive channel
2025-03-19T12:48:09.281Z - info: [ui] [Welcome] no sign in step found. ignoring...
2025-03-19T12:48:31.863Z - info: [ui] [AppStore] adding repository at /home/dusha/Documents/baldwin to store
2025-03-19T12:48:32.430Z - info: [ui] [BranchPruner] No branches to prune.
2025-03-19T12:50:05.363Z - info: [ui] credential-helper: found GitHub credential for https://github.com/ in store
2025-03-19T12:50:05.908Z - info: [ui] credential-helper: found GitHub credential for https://github.com/ in store
2025-03-19T12:50:06.309Z - info: [ui] [RepositoryIndicatorUpdater]: Refreshing sidebar indicators for 1 repositories took 1.5s of which 0.0s paused, total 1.5s
